<?xml version="1.0" encoding="UTF-8"?>
<testng-results ignored="0" total="1" passed="1" failed="0" skipped="0">
  <reporter-output>
  </reporter-output>
  <suite started-at="2021-11-11T12:36:21 IST" name="Default suite" finished-at="2021-11-11T12:36:22 IST" duration-ms="101">
    <groups>
    </groups>
    <test started-at="2021-11-11T12:36:21 IST" name="Default test" finished-at="2021-11-11T12:36:22 IST" duration-ms="101">
      <class name="gitpractice.Demo1">
        <test-method signature="testDemo1()[pri:0, instance:gitpractice.Demo1@6d4e5011]" started-at="2021-11-11T12:36:22 IST" name="testDemo1" finished-at="2021-11-11T12:36:22 IST" duration-ms="19" status="PASS">
          <reporter-output>
          </reporter-output>
        </test-method> <!-- testDemo1 -->
      </class> <!-- gitpractice.Demo1 -->
    </test> <!-- Default test -->
  </suite> <!-- Default suite -->
</testng-results>
